<?xml version="1.0" encoding="UTF-8"?>
<!-- Generated by org.testng.reporters.JUnitReportReporter -->
<testsuite hostname="DESKTOP-C16A7EA" name="com.qa.tests.GetApiTest" tests="1" failures="0" timestamp="27 Jun 2019 01:24:13 GMT" time="0.664" errors="0">
  <testcase name="getAPITest" time="0.664" classname="com.qa.tests.GetApiTest"/>
</testsuite> <!-- com.qa.tests.GetApiTest -->
