<?xml version="1.0" encoding="UTF-8"?>
<!-- Generated by org.testng.reporters.JUnitReportReporter -->
<testsuite hostname="DESKTOP-C16A7EA" name="com.qa.tests.PostApiTest" tests="1" failures="0" timestamp="2 Jul 2019 06:34:16 GMT" time="2.966" errors="0">
  <testcase name="postApiTest" time="2.966" classname="com.qa.tests.PostApiTest"/>
</testsuite> <!-- com.qa.tests.PostApiTest -->
